2025-10-20 19:54:50,276 INFO o.a.j.u.JMeterUtils: Setting Locale to en_EN
2025-10-20 19:54:50,307 INFO o.a.j.JMeter: Loading user properties from: user.properties
2025-10-20 19:54:50,313 INFO o.a.j.JMeter: Loading system properties from: system.properties
2025-10-20 19:54:50,320 INFO o.a.j.JMeter: Copyright (c) 1998-2024 The Apache Software Foundation
2025-10-20 19:54:50,320 INFO o.a.j.JMeter: Version 5.6.3
2025-10-20 19:54:50,320 INFO o.a.j.JMeter: java.version=21.0.4
2025-10-20 19:54:50,320 INFO o.a.j.JMeter: java.vm.name=Java HotSpot(TM) 64-Bit Server VM
2025-10-20 19:54:50,321 INFO o.a.j.JMeter: os.name=Windows 11
2025-10-20 19:54:50,321 INFO o.a.j.JMeter: os.arch=amd64
2025-10-20 19:54:50,321 INFO o.a.j.JMeter: os.version=10.0
2025-10-20 19:54:50,321 INFO o.a.j.JMeter: file.encoding=UTF-8
2025-10-20 19:54:50,321 INFO o.a.j.JMeter: java.awt.headless=null
2025-10-20 19:54:50,321 INFO o.a.j.JMeter: Max memory     =1073741824
2025-10-20 19:54:50,321 INFO o.a.j.JMeter: Available Processors =3
2025-10-20 19:54:50,332 INFO o.a.j.JMeter: Default Locale=English (EN)
2025-10-20 19:54:50,332 INFO o.a.j.JMeter: JMeter  Locale=English (EN)
2025-10-20 19:54:50,332 INFO o.a.j.JMeter: JMeterHome=C:\git\lt\apache-jmeter-5.6.3
2025-10-20 19:54:50,332 INFO o.a.j.JMeter: user.dir  =C:\git\lt\apache-jmeter-5.6.3\bin
2025-10-20 19:54:50,333 INFO o.a.j.JMeter: PWD       =C:\git\lt\apache-jmeter-5.6.3\bin
2025-10-20 19:54:50,334 INFO o.a.j.JMeter: IP: 10.225.49.225 Name: vdi-PC0691d FullName: vdi-PC0691d.moscow.alfaintra.net
2025-10-20 19:54:50,347 INFO o.a.j.JMeter: Loaded icon properties from org/apache/jmeter/images/icon.properties
2025-10-20 19:54:50,633 INFO o.a.j.JMeterGuiLauncher: Setting LAF to: com.github.weisj.darklaf.DarkLaf:com.github.weisj.darklaf.theme.OneDarkTheme
2025-10-20 19:54:51,951 INFO o.a.j.r.ClassFinder: Will scan jar C:\git\lt\apache-jmeter-5.6.3\lib\ext\uc_grpc_1_java-1.0-SNAPSHOT.jar with filter ExtendsClassFilter [parents=[interface org.apache.jmeter.gui.action.Command], inner=false, contains=null, notContains=null]. Consider exposing JMeter plugins via META-INF/services, and add JMeter-Skip-Class-Scanning=true manifest attribute so JMeter can skip classfile scanning
2025-10-20 19:54:52,924 INFO o.a.j.r.ClassFinder: Will scan jar C:\git\lt\apache-jmeter-5.6.3\lib\ext\jmeter-prometheus-plugin-0.6.0.jar with filter ExtendsClassFilter [parents=[interface org.apache.jmeter.gui.action.Command], inner=false, contains=null, notContains=null]. Consider exposing JMeter plugins via META-INF/services, and add JMeter-Skip-Class-Scanning=true manifest attribute so JMeter can skip classfile scanning
2025-10-20 19:54:52,935 INFO o.a.j.r.ClassFinder: Will scan jar C:\git\lt\apache-jmeter-5.6.3\lib\ext\ydb-jdbc-driver-shaded-2.3.15.jar with filter ExtendsClassFilter [parents=[interface org.apache.jmeter.gui.action.Command], inner=false, contains=null, notContains=null]. Consider exposing JMeter plugins via META-INF/services, and add JMeter-Skip-Class-Scanning=true manifest attribute so JMeter can skip classfile scanning
2025-10-20 19:54:53,532 INFO o.a.j.r.ClassFinder: Will scan jar C:\git\lt\apache-jmeter-5.6.3\lib\ext\jmeter-plugins-dummy-0.4.jar with filter ExtendsClassFilter [parents=[interface org.apache.jmeter.gui.action.Command], inner=false, contains=null, notContains=null]. Consider exposing JMeter plugins via META-INF/services, and add JMeter-Skip-Class-Scanning=true manifest attribute so JMeter can skip classfile scanning
2025-10-20 19:54:53,537 INFO o.a.j.r.ClassFinder: Will scan jar C:\git\lt\apache-jmeter-5.6.3\lib\ext\jmeter-plugins-manager-1.3.jar with filter ExtendsClassFilter [parents=[interface org.apache.jmeter.gui.action.Command], inner=false, contains=null, notContains=null]. Consider exposing JMeter plugins via META-INF/services, and add JMeter-Skip-Class-Scanning=true manifest attribute so JMeter can skip classfile scanning
2025-10-20 19:54:53,595 INFO o.a.j.r.ClassFinder: Will scan jar C:\git\lt\apache-jmeter-5.6.3\lib\ext\jmeter-plugins-casutg-3.1.1.jar with filter ExtendsClassFilter [parents=[interface org.apache.jmeter.gui.action.Command], inner=false, contains=null, notContains=null]. Consider exposing JMeter plugins via META-INF/services, and add JMeter-Skip-Class-Scanning=true manifest attribute so JMeter can skip classfile scanning
2025-10-20 19:54:53,605 INFO o.a.j.r.ClassFinder: Will scan jar C:\git\lt\apache-jmeter-5.6.3\lib\ext\java-uuid-generator-5.1.0.jar with filter ExtendsClassFilter [parents=[interface org.apache.jmeter.gui.action.Command], inner=false, contains=null, notContains=null]. Consider exposing JMeter plugins via META-INF/services, and add JMeter-Skip-Class-Scanning=true manifest attribute so JMeter can skip classfile scanning
2025-10-20 19:54:53,680 INFO o.a.j.r.ClassFinder: Will scan jar C:\git\lt\apache-jmeter-5.6.3\lib\ext\uc_grpc_1_java-1.0-SNAPSHOT.jar with filter ExtendsClassFilter [parents=[interface org.apache.jmeter.gui.plugin.MenuCreator], inner=false, contains=null, notContains=null]. Consider exposing JMeter plugins via META-INF/services, and add JMeter-Skip-Class-Scanning=true manifest attribute so JMeter can skip classfile scanning
2025-10-20 19:54:53,692 INFO o.a.j.r.ClassFinder: Will scan jar C:\git\lt\apache-jmeter-5.6.3\lib\ext\jmeter-prometheus-plugin-0.6.0.jar with filter ExtendsClassFilter [parents=[interface org.apache.jmeter.gui.plugin.MenuCreator], inner=false, contains=null, notContains=null]. Consider exposing JMeter plugins via META-INF/services, and add JMeter-Skip-Class-Scanning=true manifest attribute so JMeter can skip classfile scanning
2025-10-20 19:54:53,693 INFO o.a.j.r.ClassFinder: Will scan jar C:\git\lt\apache-jmeter-5.6.3\lib\ext\ydb-jdbc-driver-shaded-2.3.15.jar with filter ExtendsClassFilter [parents=[interface org.apache.jmeter.gui.plugin.MenuCreator], inner=false, contains=null, notContains=null]. Consider exposing JMeter plugins via META-INF/services, and add JMeter-Skip-Class-Scanning=true manifest attribute so JMeter can skip classfile scanning
2025-10-20 19:54:53,700 INFO o.a.j.r.ClassFinder: Will scan jar C:\git\lt\apache-jmeter-5.6.3\lib\ext\jmeter-plugins-dummy-0.4.jar with filter ExtendsClassFilter [parents=[interface org.apache.jmeter.gui.plugin.MenuCreator], inner=false, contains=null, notContains=null]. Consider exposing JMeter plugins via META-INF/services, and add JMeter-Skip-Class-Scanning=true manifest attribute so JMeter can skip classfile scanning
2025-10-20 19:54:53,704 INFO o.a.j.r.ClassFinder: Will scan jar C:\git\lt\apache-jmeter-5.6.3\lib\ext\jmeter-plugins-manager-1.3.jar with filter ExtendsClassFilter [parents=[interface org.apache.jmeter.gui.plugin.MenuCreator], inner=false, contains=null, notContains=null]. Consider exposing JMeter plugins via META-INF/services, and add JMeter-Skip-Class-Scanning=true manifest attribute so JMeter can skip classfile scanning
2025-10-20 19:54:53,707 INFO o.a.j.r.ClassFinder: Will scan jar C:\git\lt\apache-jmeter-5.6.3\lib\ext\jmeter-plugins-casutg-3.1.1.jar with filter ExtendsClassFilter [parents=[interface org.apache.jmeter.gui.plugin.MenuCreator], inner=false, contains=null, notContains=null]. Consider exposing JMeter plugins via META-INF/services, and add JMeter-Skip-Class-Scanning=true manifest attribute so JMeter can skip classfile scanning
2025-10-20 19:54:53,708 INFO o.a.j.r.ClassFinder: Will scan jar C:\git\lt\apache-jmeter-5.6.3\lib\ext\java-uuid-generator-5.1.0.jar with filter ExtendsClassFilter [parents=[interface org.apache.jmeter.gui.plugin.MenuCreator], inner=false, contains=null, notContains=null]. Consider exposing JMeter plugins via META-INF/services, and add JMeter-Skip-Class-Scanning=true manifest attribute so JMeter can skip classfile scanning
2025-10-20 19:54:53,761 WARN o.j.r.PluginManager: Found JAR conflict: C:\git\lt\apache-jmeter-5.6.3\lib\jmeter-plugins-cmn-jmeter-0.7.jar and C:\git\lt\apache-jmeter-5.6.3\lib\jmeter-plugins-cmn-jmeter-0.6.jar
2025-10-20 19:54:53,798 INFO o.j.r.JARSourceHTTP: Requesting https://jmeter-plugins.org/repo/?installID=windows_11-ea81e80ff4d621960fbb9ea715d24f90-gui
2025-10-20 19:55:15,171 WARN o.j.r.PluginManagerMenuItem: Failed to load plugin updates info
java.net.ConnectException: Connection timed out: getsockopt
	at java.base/sun.nio.ch.Net.pollConnect(Native Method) ~[?:?]
	at java.base/sun.nio.ch.Net.pollConnectNow(Net.java:682) ~[?:?]
	at java.base/sun.nio.ch.NioSocketImpl.timedFinishConnect(NioSocketImpl.java:549) ~[?:?]
	at java.base/sun.nio.ch.NioSocketImpl.connect(NioSocketImpl.java:592) ~[?:?]
	at java.base/java.net.SocksSocketImpl.connect(SocksSocketImpl.java:327) ~[?:?]
	at java.base/java.net.Socket.connect(Socket.java:751) ~[?:?]
	at org.apache.http.conn.ssl.SSLSocketFactory.connectSocket(SSLSocketFactory.java:543) ~[httpclient-4.5.14.jar:4.5.14]
	at org.apache.http.conn.ssl.SSLSocketFactory.connectSocket(SSLSocketFactory.java:415) ~[httpclient-4.5.14.jar:4.5.14]
	at org.apache.http.impl.conn.DefaultClientConnectionOperator.openConnection(DefaultClientConnectionOperator.java:180) ~[httpclient-4.5.14.jar:4.5.14]
	at org.apache.http.impl.conn.ManagedClientConnectionImpl.open(ManagedClientConnectionImpl.java:326) ~[httpclient-4.5.14.jar:4.5.14]
	at org.apache.http.impl.client.DefaultRequestDirector.tryConnect(DefaultRequestDirector.java:605) ~[httpclient-4.5.14.jar:4.5.14]
	at org.apache.http.impl.client.DefaultRequestDirector.execute(DefaultRequestDirector.java:440) ~[httpclient-4.5.14.jar:4.5.14]
	at org.apache.http.impl.client.AbstractHttpClient.doExecute(AbstractHttpClient.java:835) ~[httpclient-4.5.14.jar:4.5.14]
	at org.apache.http.impl.client.CloseableHttpClient.execute(CloseableHttpClient.java:83) ~[httpclient-4.5.14.jar:4.5.14]
	at org.apache.http.impl.client.CloseableHttpClient.execute(CloseableHttpClient.java:56) ~[httpclient-4.5.14.jar:4.5.14]
	at org.jmeterplugins.repository.JARSourceHTTP.execute(JARSourceHTTP.java:499) ~[jmeter-plugins-manager-1.3.jar:?]
	at org.jmeterplugins.repository.JARSourceHTTP.execute(JARSourceHTTP.java:494) ~[jmeter-plugins-manager-1.3.jar:?]
	at org.jmeterplugins.repository.JARSourceHTTP.getJSON(JARSourceHTTP.java:152) ~[jmeter-plugins-manager-1.3.jar:?]
	at org.jmeterplugins.repository.JARSourceHTTP.getRepositories(JARSourceHTTP.java:276) ~[jmeter-plugins-manager-1.3.jar:?]
	at org.jmeterplugins.repository.JARSourceHTTP.getRepo(JARSourceHTTP.java:304) ~[jmeter-plugins-manager-1.3.jar:?]
	at org.jmeterplugins.repository.PluginManager.load(PluginManager.java:71) ~[jmeter-plugins-manager-1.3.jar:?]
	at org.jmeterplugins.repository.PluginManagerMenuItem$1.run(PluginManagerMenuItem.java:41) [jmeter-plugins-manager-1.3.jar:?]
2025-10-20 20:03:22,001 INFO o.a.j.s.FileServer: Default base='C:\git\lt\apache-jmeter-5.6.3\bin'
2025-10-20 20:03:22,003 INFO o.a.j.g.a.Load: Loading file: C:\git\lt\raschetnoe_yadro\uc\bo\uc_1_bo.jmx
2025-10-20 20:03:22,003 INFO o.a.j.s.FileServer: Set new base='C:\git\lt\raschetnoe_yadro\uc\bo'
2025-10-20 20:03:22,189 INFO o.a.j.s.SaveService: Testplan (JMX) version: 2.2. Testlog (JTL) version: 2.2
2025-10-20 20:03:22,213 INFO o.a.j.s.SaveService: Using SaveService properties version 5.0
2025-10-20 20:03:22,214 INFO o.a.j.s.SaveService: Using SaveService properties file encoding UTF-8
2025-10-20 20:03:22,216 INFO o.a.j.s.SaveService: Loading file: C:\git\lt\raschetnoe_yadro\uc\bo\uc_1_bo.jmx
2025-10-20 20:03:22,298 INFO o.a.j.p.h.s.HTTPSamplerBase: Parser for text/html is org.apache.jmeter.protocol.http.parser.LagartoBasedHtmlParser
2025-10-20 20:03:22,298 INFO o.a.j.p.h.s.HTTPSamplerBase: Parser for application/xhtml+xml is org.apache.jmeter.protocol.http.parser.LagartoBasedHtmlParser
2025-10-20 20:03:22,298 INFO o.a.j.p.h.s.HTTPSamplerBase: Parser for application/xml is org.apache.jmeter.protocol.http.parser.LagartoBasedHtmlParser
2025-10-20 20:03:22,298 INFO o.a.j.p.h.s.HTTPSamplerBase: Parser for text/xml is org.apache.jmeter.protocol.http.parser.LagartoBasedHtmlParser
2025-10-20 20:03:22,298 INFO o.a.j.p.h.s.HTTPSamplerBase: Parser for text/vnd.wap.wml is org.apache.jmeter.protocol.http.parser.RegexpHTMLParser
2025-10-20 20:03:22,299 INFO o.a.j.p.h.s.HTTPSamplerBase: Parser for text/css is org.apache.jmeter.protocol.http.parser.CssParser
2025-10-20 20:03:22,322 INFO o.a.j.s.SampleResult: Note: Sample TimeStamps are START times
2025-10-20 20:03:22,322 INFO o.a.j.s.SampleResult: sampleresult.default.encoding is set to UTF-8
2025-10-20 20:03:22,322 INFO o.a.j.s.SampleResult: sampleresult.useNanoTime=true
2025-10-20 20:03:22,322 INFO o.a.j.s.SampleResult: sampleresult.nanoThreadSleep=5000
2025-10-20 20:03:22,736 INFO o.a.j.e.u.CompoundVariable: Note: Function class names must contain the string: '.functions.'
2025-10-20 20:03:22,736 INFO o.a.j.e.u.CompoundVariable: Note: Function class names must not contain the string: '.gui.'
2025-10-20 20:03:22,758 INFO o.a.j.r.ClassFinder: Will scan jar C:\git\lt\apache-jmeter-5.6.3\lib\ext\uc_grpc_1_java-1.0-SNAPSHOT.jar with filter ExtendsClassFilter [parents=[interface org.apache.jmeter.functions.Function], inner=false, contains=null, notContains=null]. Consider exposing JMeter plugins via META-INF/services, and add JMeter-Skip-Class-Scanning=true manifest attribute so JMeter can skip classfile scanning
2025-10-20 20:03:22,771 INFO o.a.j.r.ClassFinder: Will scan jar C:\git\lt\apache-jmeter-5.6.3\lib\ext\jmeter-prometheus-plugin-0.6.0.jar with filter ExtendsClassFilter [parents=[interface org.apache.jmeter.functions.Function], inner=false, contains=null, notContains=null]. Consider exposing JMeter plugins via META-INF/services, and add JMeter-Skip-Class-Scanning=true manifest attribute so JMeter can skip classfile scanning
2025-10-20 20:03:22,773 INFO o.a.j.r.ClassFinder: Will scan jar C:\git\lt\apache-jmeter-5.6.3\lib\ext\ydb-jdbc-driver-shaded-2.3.15.jar with filter ExtendsClassFilter [parents=[interface org.apache.jmeter.functions.Function], inner=false, contains=null, notContains=null]. Consider exposing JMeter plugins via META-INF/services, and add JMeter-Skip-Class-Scanning=true manifest attribute so JMeter can skip classfile scanning
2025-10-20 20:03:22,806 INFO o.a.j.r.ClassFinder: Will scan jar C:\git\lt\apache-jmeter-5.6.3\lib\ext\jmeter-plugins-dummy-0.4.jar with filter ExtendsClassFilter [parents=[interface org.apache.jmeter.functions.Function], inner=false, contains=null, notContains=null]. Consider exposing JMeter plugins via META-INF/services, and add JMeter-Skip-Class-Scanning=true manifest attribute so JMeter can skip classfile scanning
2025-10-20 20:03:22,808 INFO o.a.j.r.ClassFinder: Will scan jar C:\git\lt\apache-jmeter-5.6.3\lib\ext\jmeter-plugins-manager-1.3.jar with filter ExtendsClassFilter [parents=[interface org.apache.jmeter.functions.Function], inner=false, contains=null, notContains=null]. Consider exposing JMeter plugins via META-INF/services, and add JMeter-Skip-Class-Scanning=true manifest attribute so JMeter can skip classfile scanning
2025-10-20 20:03:22,812 INFO o.a.j.r.ClassFinder: Will scan jar C:\git\lt\apache-jmeter-5.6.3\lib\ext\jmeter-plugins-casutg-3.1.1.jar with filter ExtendsClassFilter [parents=[interface org.apache.jmeter.functions.Function], inner=false, contains=null, notContains=null]. Consider exposing JMeter plugins via META-INF/services, and add JMeter-Skip-Class-Scanning=true manifest attribute so JMeter can skip classfile scanning
2025-10-20 20:03:22,813 INFO o.a.j.r.ClassFinder: Will scan jar C:\git\lt\apache-jmeter-5.6.3\lib\ext\java-uuid-generator-5.1.0.jar with filter ExtendsClassFilter [parents=[interface org.apache.jmeter.functions.Function], inner=false, contains=null, notContains=null]. Consider exposing JMeter plugins via META-INF/services, and add JMeter-Skip-Class-Scanning=true manifest attribute so JMeter can skip classfile scanning
2025-10-20 20:03:22,886 INFO o.a.j.r.ClassFinder: Will scan jar C:\git\lt\apache-jmeter-5.6.3\lib\ext\uc_grpc_1_java-1.0-SNAPSHOT.jar with filter ExtendsClassFilter [parents=[interface org.apache.jmeter.visualizers.backend.BackendListenerClient], inner=false, contains=null, notContains=null]. Consider exposing JMeter plugins via META-INF/services, and add JMeter-Skip-Class-Scanning=true manifest attribute so JMeter can skip classfile scanning
2025-10-20 20:03:22,900 INFO o.a.j.r.ClassFinder: Will scan jar C:\git\lt\apache-jmeter-5.6.3\lib\ext\jmeter-prometheus-plugin-0.6.0.jar with filter ExtendsClassFilter [parents=[interface org.apache.jmeter.visualizers.backend.BackendListenerClient], inner=false, contains=null, notContains=null]. Consider exposing JMeter plugins via META-INF/services, and add JMeter-Skip-Class-Scanning=true manifest attribute so JMeter can skip classfile scanning
2025-10-20 20:03:22,902 INFO o.a.j.r.ClassFinder: Will scan jar C:\git\lt\apache-jmeter-5.6.3\lib\ext\ydb-jdbc-driver-shaded-2.3.15.jar with filter ExtendsClassFilter [parents=[interface org.apache.jmeter.visualizers.backend.BackendListenerClient], inner=false, contains=null, notContains=null]. Consider exposing JMeter plugins via META-INF/services, and add JMeter-Skip-Class-Scanning=true manifest attribute so JMeter can skip classfile scanning
2025-10-20 20:03:22,911 INFO o.a.j.r.ClassFinder: Will scan jar C:\git\lt\apache-jmeter-5.6.3\lib\ext\jmeter-plugins-dummy-0.4.jar with filter ExtendsClassFilter [parents=[interface org.apache.jmeter.visualizers.backend.BackendListenerClient], inner=false, contains=null, notContains=null]. Consider exposing JMeter plugins via META-INF/services, and add JMeter-Skip-Class-Scanning=true manifest attribute so JMeter can skip classfile scanning
2025-10-20 20:03:22,914 INFO o.a.j.r.ClassFinder: Will scan jar C:\git\lt\apache-jmeter-5.6.3\lib\ext\jmeter-plugins-manager-1.3.jar with filter ExtendsClassFilter [parents=[interface org.apache.jmeter.visualizers.backend.BackendListenerClient], inner=false, contains=null, notContains=null]. Consider exposing JMeter plugins via META-INF/services, and add JMeter-Skip-Class-Scanning=true manifest attribute so JMeter can skip classfile scanning
2025-10-20 20:03:22,917 INFO o.a.j.r.ClassFinder: Will scan jar C:\git\lt\apache-jmeter-5.6.3\lib\ext\jmeter-plugins-casutg-3.1.1.jar with filter ExtendsClassFilter [parents=[interface org.apache.jmeter.visualizers.backend.BackendListenerClient], inner=false, contains=null, notContains=null]. Consider exposing JMeter plugins via META-INF/services, and add JMeter-Skip-Class-Scanning=true manifest attribute so JMeter can skip classfile scanning
2025-10-20 20:03:22,918 INFO o.a.j.r.ClassFinder: Will scan jar C:\git\lt\apache-jmeter-5.6.3\lib\ext\java-uuid-generator-5.1.0.jar with filter ExtendsClassFilter [parents=[interface org.apache.jmeter.visualizers.backend.BackendListenerClient], inner=false, contains=null, notContains=null]. Consider exposing JMeter plugins via META-INF/services, and add JMeter-Skip-Class-Scanning=true manifest attribute so JMeter can skip classfile scanning
2025-10-20 20:03:23,018 INFO o.a.j.r.ClassFinder: Will scan jar C:\git\lt\apache-jmeter-5.6.3\lib\ext\uc_grpc_1_java-1.0-SNAPSHOT.jar with filter ExtendsClassFilter [parents=[interface org.apache.jmeter.visualizers.ResultRenderer], inner=false, contains=null, notContains=null]. Consider exposing JMeter plugins via META-INF/services, and add JMeter-Skip-Class-Scanning=true manifest attribute so JMeter can skip classfile scanning
2025-10-20 20:03:23,030 INFO o.a.j.r.ClassFinder: Will scan jar C:\git\lt\apache-jmeter-5.6.3\lib\ext\jmeter-prometheus-plugin-0.6.0.jar with filter ExtendsClassFilter [parents=[interface org.apache.jmeter.visualizers.ResultRenderer], inner=false, contains=null, notContains=null]. Consider exposing JMeter plugins via META-INF/services, and add JMeter-Skip-Class-Scanning=true manifest attribute so JMeter can skip classfile scanning
2025-10-20 20:03:23,032 INFO o.a.j.r.ClassFinder: Will scan jar C:\git\lt\apache-jmeter-5.6.3\lib\ext\ydb-jdbc-driver-shaded-2.3.15.jar with filter ExtendsClassFilter [parents=[interface org.apache.jmeter.visualizers.ResultRenderer], inner=false, contains=null, notContains=null]. Consider exposing JMeter plugins via META-INF/services, and add JMeter-Skip-Class-Scanning=true manifest attribute so JMeter can skip classfile scanning
2025-10-20 20:03:23,039 INFO o.a.j.r.ClassFinder: Will scan jar C:\git\lt\apache-jmeter-5.6.3\lib\ext\jmeter-plugins-dummy-0.4.jar with filter ExtendsClassFilter [parents=[interface org.apache.jmeter.visualizers.ResultRenderer], inner=false, contains=null, notContains=null]. Consider exposing JMeter plugins via META-INF/services, and add JMeter-Skip-Class-Scanning=true manifest attribute so JMeter can skip classfile scanning
2025-10-20 20:03:23,042 INFO o.a.j.r.ClassFinder: Will scan jar C:\git\lt\apache-jmeter-5.6.3\lib\ext\jmeter-plugins-manager-1.3.jar with filter ExtendsClassFilter [parents=[interface org.apache.jmeter.visualizers.ResultRenderer], inner=false, contains=null, notContains=null]. Consider exposing JMeter plugins via META-INF/services, and add JMeter-Skip-Class-Scanning=true manifest attribute so JMeter can skip classfile scanning
2025-10-20 20:03:23,044 INFO o.a.j.r.ClassFinder: Will scan jar C:\git\lt\apache-jmeter-5.6.3\lib\ext\jmeter-plugins-casutg-3.1.1.jar with filter ExtendsClassFilter [parents=[interface org.apache.jmeter.visualizers.ResultRenderer], inner=false, contains=null, notContains=null]. Consider exposing JMeter plugins via META-INF/services, and add JMeter-Skip-Class-Scanning=true manifest attribute so JMeter can skip classfile scanning
2025-10-20 20:03:23,046 INFO o.a.j.r.ClassFinder: Will scan jar C:\git\lt\apache-jmeter-5.6.3\lib\ext\java-uuid-generator-5.1.0.jar with filter ExtendsClassFilter [parents=[interface org.apache.jmeter.visualizers.ResultRenderer], inner=false, contains=null, notContains=null]. Consider exposing JMeter plugins via META-INF/services, and add JMeter-Skip-Class-Scanning=true manifest attribute so JMeter can skip classfile scanning
2025-10-20 20:03:23,066 INFO o.a.j.r.ClassFinder: Will scan jar C:\git\lt\apache-jmeter-5.6.3\lib\ext\uc_grpc_1_java-1.0-SNAPSHOT.jar with filter ExtendsClassFilter [parents=[interface org.apache.jmeter.visualizers.RequestView], inner=false, contains=null, notContains=null]. Consider exposing JMeter plugins via META-INF/services, and add JMeter-Skip-Class-Scanning=true manifest attribute so JMeter can skip classfile scanning
2025-10-20 20:03:23,076 INFO o.a.j.r.ClassFinder: Will scan jar C:\git\lt\apache-jmeter-5.6.3\lib\ext\jmeter-prometheus-plugin-0.6.0.jar with filter ExtendsClassFilter [parents=[interface org.apache.jmeter.visualizers.RequestView], inner=false, contains=null, notContains=null]. Consider exposing JMeter plugins via META-INF/services, and add JMeter-Skip-Class-Scanning=true manifest attribute so JMeter can skip classfile scanning
2025-10-20 20:03:23,078 INFO o.a.j.r.ClassFinder: Will scan jar C:\git\lt\apache-jmeter-5.6.3\lib\ext\ydb-jdbc-driver-shaded-2.3.15.jar with filter ExtendsClassFilter [parents=[interface org.apache.jmeter.visualizers.RequestView], inner=false, contains=null, notContains=null]. Consider exposing JMeter plugins via META-INF/services, and add JMeter-Skip-Class-Scanning=true manifest attribute so JMeter can skip classfile scanning
2025-10-20 20:03:23,087 INFO o.a.j.r.ClassFinder: Will scan jar C:\git\lt\apache-jmeter-5.6.3\lib\ext\jmeter-plugins-dummy-0.4.jar with filter ExtendsClassFilter [parents=[interface org.apache.jmeter.visualizers.RequestView], inner=false, contains=null, notContains=null]. Consider exposing JMeter plugins via META-INF/services, and add JMeter-Skip-Class-Scanning=true manifest attribute so JMeter can skip classfile scanning
2025-10-20 20:03:23,089 INFO o.a.j.r.ClassFinder: Will scan jar C:\git\lt\apache-jmeter-5.6.3\lib\ext\jmeter-plugins-manager-1.3.jar with filter ExtendsClassFilter [parents=[interface org.apache.jmeter.visualizers.RequestView], inner=false, contains=null, notContains=null]. Consider exposing JMeter plugins via META-INF/services, and add JMeter-Skip-Class-Scanning=true manifest attribute so JMeter can skip classfile scanning
2025-10-20 20:03:23,091 INFO o.a.j.r.ClassFinder: Will scan jar C:\git\lt\apache-jmeter-5.6.3\lib\ext\jmeter-plugins-casutg-3.1.1.jar with filter ExtendsClassFilter [parents=[interface org.apache.jmeter.visualizers.RequestView], inner=false, contains=null, notContains=null]. Consider exposing JMeter plugins via META-INF/services, and add JMeter-Skip-Class-Scanning=true manifest attribute so JMeter can skip classfile scanning
2025-10-20 20:03:23,091 INFO o.a.j.r.ClassFinder: Will scan jar C:\git\lt\apache-jmeter-5.6.3\lib\ext\java-uuid-generator-5.1.0.jar with filter ExtendsClassFilter [parents=[interface org.apache.jmeter.visualizers.RequestView], inner=false, contains=null, notContains=null]. Consider exposing JMeter plugins via META-INF/services, and add JMeter-Skip-Class-Scanning=true manifest attribute so JMeter can skip classfile scanning
2025-10-20 20:03:23,162 INFO o.a.j.s.FileServer: Set new base='C:\git\lt\raschetnoe_yadro\uc\bo'
2025-10-20 20:06:27,519 INFO o.a.j.e.StandardJMeterEngine: Running the test!
2025-10-20 20:06:27,520 INFO o.a.j.s.SampleEvent: List of sample_variables: []
2025-10-20 20:06:27,520 INFO o.a.j.s.SampleEvent: List of sample_variables: []
2025-10-20 20:06:27,523 INFO o.a.j.g.u.JMeterMenuBar: setRunning(true, *local*)
2025-10-20 20:06:27,570 INFO o.a.j.e.StandardJMeterEngine: Starting ThreadGroup: 1 : Thread Group
2025-10-20 20:06:27,571 INFO o.a.j.e.StandardJMeterEngine: Starting 1 threads for group Thread Group.
2025-10-20 20:06:27,571 INFO o.a.j.e.StandardJMeterEngine: Thread will continue on error
2025-10-20 20:06:27,571 INFO o.a.j.t.ThreadGroup: Starting thread group... number=1 threads=1 ramp-up=1 delayedStart=false
2025-10-20 20:06:27,572 INFO o.a.j.t.ThreadGroup: Started thread group number 1
2025-10-20 20:06:27,572 INFO o.a.j.e.StandardJMeterEngine: All thread groups have been started
2025-10-20 20:06:27,575 INFO o.a.j.t.JMeterThread: Thread started: Thread Group 1-1
2025-10-20 20:06:28,061 ERROR o.a.j.m.JSR223PreProcessor: Problem in JSR223 script, JSR223 PreProcessor
javax.script.ScriptException: org.codehaus.groovy.control.MultipleCompilationErrorsException: startup failed:
Script1.groovy: 3: Modifier 'static' not allowed here.
 @ line 3, column 1.
   static TimeBasedEpochGenerator generator = Generators.timeBasedEpochGenerator();
   ^

1 error

	at org.codehaus.groovy.jsr223.GroovyScriptEngineImpl.compile(GroovyScriptEngineImpl.java:183) ~[groovy-jsr223-3.0.20.jar:3.0.20]
	at org.apache.jmeter.util.JSR223TestElement.lambda$processFileOrScript$1(JSR223TestElement.java:225) ~[ApacheJMeter_core.jar:5.6.3]
	at com.github.benmanes.caffeine.cache.BoundedLocalCache.lambda$doComputeIfAbsent$14(BoundedLocalCache.java:2406) ~[caffeine-2.9.3.jar:?]
	at java.base/java.util.concurrent.ConcurrentHashMap.compute(ConcurrentHashMap.java:1916) ~[?:?]
	at com.github.benmanes.caffeine.cache.BoundedLocalCache.doComputeIfAbsent(BoundedLocalCache.java:2404) ~[caffeine-2.9.3.jar:?]
	at com.github.benmanes.caffeine.cache.BoundedLocalCache.computeIfAbsent(BoundedLocalCache.java:2387) ~[caffeine-2.9.3.jar:?]
	at com.github.benmanes.caffeine.cache.LocalCache.computeIfAbsent(LocalCache.java:108) ~[caffeine-2.9.3.jar:?]
	at com.github.benmanes.caffeine.cache.LocalManualCache.get(LocalManualCache.java:62) ~[caffeine-2.9.3.jar:?]
	at org.apache.jmeter.util.JSR223TestElement.getCompiledScript(JSR223TestElement.java:252) ~[ApacheJMeter_core.jar:5.6.3]
	at org.apache.jmeter.util.JSR223TestElement.processFileOrScript(JSR223TestElement.java:223) ~[ApacheJMeter_core.jar:5.6.3]
	at org.apache.jmeter.modifiers.JSR223PreProcessor.process(JSR223PreProcessor.java:45) ~[ApacheJMeter_components.jar:5.6.3]
	at org.apache.jmeter.threads.JMeterThread.runPreProcessors(JMeterThread.java:983) ~[ApacheJMeter_core.jar:5.6.3]
	at org.apache.jmeter.threads.JMeterThread.executeSamplePackage(JMeterThread.java:561) ~[ApacheJMeter_core.jar:5.6.3]
	at org.apache.jmeter.threads.JMeterThread.processSampler(JMeterThread.java:501) ~[ApacheJMeter_core.jar:5.6.3]
	at org.apache.jmeter.threads.JMeterThread.run(JMeterThread.java:268) ~[ApacheJMeter_core.jar:5.6.3]
	at java.base/java.lang.Thread.run(Thread.java:1583) [?:?]
	Suppressed: java.lang.IllegalStateException: Unable to compile script StringScriptCacheKey{contents='476d560b1d7e3fca366a82c32b1b2d26'}
		at org.apache.jmeter.util.JSR223TestElement.getCompiledScript(JSR223TestElement.java:264) ~[ApacheJMeter_core.jar:5.6.3]
		at org.apache.jmeter.util.JSR223TestElement.processFileOrScript(JSR223TestElement.java:223) ~[ApacheJMeter_core.jar:5.6.3]
		at org.apache.jmeter.modifiers.JSR223PreProcessor.process(JSR223PreProcessor.java:45) ~[ApacheJMeter_components.jar:5.6.3]
		at org.apache.jmeter.threads.JMeterThread.runPreProcessors(JMeterThread.java:983) ~[ApacheJMeter_core.jar:5.6.3]
		at org.apache.jmeter.threads.JMeterThread.executeSamplePackage(JMeterThread.java:561) ~[ApacheJMeter_core.jar:5.6.3]
		at org.apache.jmeter.threads.JMeterThread.processSampler(JMeterThread.java:501) ~[ApacheJMeter_core.jar:5.6.3]
		at org.apache.jmeter.threads.JMeterThread.run(JMeterThread.java:268) ~[ApacheJMeter_core.jar:5.6.3]
		at java.base/java.lang.Thread.run(Thread.java:1583) [?:?]
Caused by: org.codehaus.groovy.control.MultipleCompilationErrorsException: startup failed:
Script1.groovy: 3: Modifier 'static' not allowed here.
 @ line 3, column 1.
   static TimeBasedEpochGenerator generator = Generators.timeBasedEpochGenerator();
   ^

1 error

	at org.codehaus.groovy.control.ErrorCollector.failIfErrors(ErrorCollector.java:292) ~[groovy-3.0.20.jar:3.0.20]
	at org.codehaus.groovy.control.CompilationUnit$IPrimaryClassNodeOperation.doPhaseOperation(CompilationUnit.java:985) ~[groovy-3.0.20.jar:3.0.20]
	at org.codehaus.groovy.control.CompilationUnit.processPhaseOperations(CompilationUnit.java:672) ~[groovy-3.0.20.jar:3.0.20]
	at org.codehaus.groovy.control.CompilationUnit.compile(CompilationUnit.java:636) ~[groovy-3.0.20.jar:3.0.20]
	at groovy.lang.GroovyClassLoader.doParseClass(GroovyClassLoader.java:389) ~[groovy-3.0.20.jar:3.0.20]
	at groovy.lang.GroovyClassLoader.lambda$parseClass$3(GroovyClassLoader.java:332) ~[groovy-3.0.20.jar:3.0.20]
	at org.codehaus.groovy.runtime.memoize.StampedCommonCache.compute(StampedCommonCache.java:163) ~[groovy-3.0.20.jar:3.0.20]
	at org.codehaus.groovy.runtime.memoize.StampedCommonCache.getAndPut(StampedCommonCache.java:154) ~[groovy-3.0.20.jar:3.0.20]
	at groovy.lang.GroovyClassLoader.parseClass(GroovyClassLoader.java:330) ~[groovy-3.0.20.jar:3.0.20]
	at groovy.lang.GroovyClassLoader.parseClass(GroovyClassLoader.java:314) ~[groovy-3.0.20.jar:3.0.20]
	at groovy.lang.GroovyClassLoader.parseClass(GroovyClassLoader.java:257) ~[groovy-3.0.20.jar:3.0.20]
	at org.codehaus.groovy.jsr223.GroovyScriptEngineImpl.getScriptClass(GroovyScriptEngineImpl.java:336) ~[groovy-jsr223-3.0.20.jar:3.0.20]
	at org.codehaus.groovy.jsr223.GroovyScriptEngineImpl.compile(GroovyScriptEngineImpl.java:181) ~[groovy-jsr223-3.0.20.jar:3.0.20]
	... 15 more
2025-10-20 20:06:28,065 INFO o.a.j.p.h.s.HTTPHCAbstractImpl: Local host = vdi-PC0691d
2025-10-20 20:06:28,069 INFO o.a.j.p.h.s.HTTPHC4Impl: HTTP request retry count = 0
2025-10-20 20:06:28,142 INFO o.a.j.t.JMeterThread: Thread is done: Thread Group 1-1
2025-10-20 20:06:28,142 INFO o.a.j.t.JMeterThread: Thread finished: Thread Group 1-1
2025-10-20 20:06:28,143 INFO o.a.j.e.StandardJMeterEngine: Notifying test listeners of end of test
2025-10-20 20:06:28,146 INFO o.a.j.g.u.JMeterMenuBar: setRunning(false, *local*)
2025-10-20 20:07:46,851 INFO o.a.j.e.StandardJMeterEngine: Running the test!
2025-10-20 20:07:46,852 INFO o.a.j.s.SampleEvent: List of sample_variables: []
2025-10-20 20:07:46,853 INFO o.a.j.g.u.JMeterMenuBar: setRunning(true, *local*)
2025-10-20 20:07:46,908 INFO o.a.j.e.StandardJMeterEngine: Starting ThreadGroup: 1 : Thread Group
2025-10-20 20:07:46,909 INFO o.a.j.e.StandardJMeterEngine: Starting 1 threads for group Thread Group.
2025-10-20 20:07:46,909 INFO o.a.j.e.StandardJMeterEngine: Thread will continue on error
2025-10-20 20:07:46,909 INFO o.a.j.t.ThreadGroup: Starting thread group... number=1 threads=1 ramp-up=1 delayedStart=false
2025-10-20 20:07:46,910 INFO o.a.j.t.ThreadGroup: Started thread group number 1
2025-10-20 20:07:46,910 INFO o.a.j.e.StandardJMeterEngine: All thread groups have been started
2025-10-20 20:07:46,911 INFO o.a.j.t.JMeterThread: Thread started: Thread Group 1-1
2025-10-20 20:07:46,939 ERROR o.a.j.m.JSR223PreProcessor: Problem in JSR223 script, JSR223 PreProcessor
javax.script.ScriptException: org.codehaus.groovy.control.MultipleCompilationErrorsException: startup failed:
Script2.groovy: 3: Modifier 'static' not allowed here.
 @ line 3, column 1.
   static TimeBasedEpochGenerator generator = Generators.timeBasedEpochGenerator();
   ^

1 error

	at org.codehaus.groovy.jsr223.GroovyScriptEngineImpl.compile(GroovyScriptEngineImpl.java:183) ~[groovy-jsr223-3.0.20.jar:3.0.20]
	at org.apache.jmeter.util.JSR223TestElement.lambda$processFileOrScript$1(JSR223TestElement.java:225) ~[ApacheJMeter_core.jar:5.6.3]
	at com.github.benmanes.caffeine.cache.BoundedLocalCache.lambda$doComputeIfAbsent$14(BoundedLocalCache.java:2406) ~[caffeine-2.9.3.jar:?]
	at java.base/java.util.concurrent.ConcurrentHashMap.compute(ConcurrentHashMap.java:1916) ~[?:?]
	at com.github.benmanes.caffeine.cache.BoundedLocalCache.doComputeIfAbsent(BoundedLocalCache.java:2404) ~[caffeine-2.9.3.jar:?]
	at com.github.benmanes.caffeine.cache.BoundedLocalCache.computeIfAbsent(BoundedLocalCache.java:2387) ~[caffeine-2.9.3.jar:?]
	at com.github.benmanes.caffeine.cache.LocalCache.computeIfAbsent(LocalCache.java:108) ~[caffeine-2.9.3.jar:?]
	at com.github.benmanes.caffeine.cache.LocalManualCache.get(LocalManualCache.java:62) ~[caffeine-2.9.3.jar:?]
	at org.apache.jmeter.util.JSR223TestElement.getCompiledScript(JSR223TestElement.java:252) ~[ApacheJMeter_core.jar:5.6.3]
	at org.apache.jmeter.util.JSR223TestElement.processFileOrScript(JSR223TestElement.java:223) ~[ApacheJMeter_core.jar:5.6.3]
	at org.apache.jmeter.modifiers.JSR223PreProcessor.process(JSR223PreProcessor.java:45) ~[ApacheJMeter_components.jar:5.6.3]
	at org.apache.jmeter.threads.JMeterThread.runPreProcessors(JMeterThread.java:983) ~[ApacheJMeter_core.jar:5.6.3]
	at org.apache.jmeter.threads.JMeterThread.executeSamplePackage(JMeterThread.java:561) ~[ApacheJMeter_core.jar:5.6.3]
	at org.apache.jmeter.threads.JMeterThread.processSampler(JMeterThread.java:501) ~[ApacheJMeter_core.jar:5.6.3]
	at org.apache.jmeter.threads.JMeterThread.run(JMeterThread.java:268) ~[ApacheJMeter_core.jar:5.6.3]
	at java.base/java.lang.Thread.run(Thread.java:1583) [?:?]
	Suppressed: java.lang.IllegalStateException: Unable to compile script StringScriptCacheKey{contents='476d560b1d7e3fca366a82c32b1b2d26'}
		at org.apache.jmeter.util.JSR223TestElement.getCompiledScript(JSR223TestElement.java:264) ~[ApacheJMeter_core.jar:5.6.3]
		at org.apache.jmeter.util.JSR223TestElement.processFileOrScript(JSR223TestElement.java:223) ~[ApacheJMeter_core.jar:5.6.3]
		at org.apache.jmeter.modifiers.JSR223PreProcessor.process(JSR223PreProcessor.java:45) ~[ApacheJMeter_components.jar:5.6.3]
		at org.apache.jmeter.threads.JMeterThread.runPreProcessors(JMeterThread.java:983) ~[ApacheJMeter_core.jar:5.6.3]
		at org.apache.jmeter.threads.JMeterThread.executeSamplePackage(JMeterThread.java:561) ~[ApacheJMeter_core.jar:5.6.3]
		at org.apache.jmeter.threads.JMeterThread.processSampler(JMeterThread.java:501) ~[ApacheJMeter_core.jar:5.6.3]
		at org.apache.jmeter.threads.JMeterThread.run(JMeterThread.java:268) ~[ApacheJMeter_core.jar:5.6.3]
		at java.base/java.lang.Thread.run(Thread.java:1583) [?:?]
Caused by: org.codehaus.groovy.control.MultipleCompilationErrorsException: startup failed:
Script2.groovy: 3: Modifier 'static' not allowed here.
 @ line 3, column 1.
   static TimeBasedEpochGenerator generator = Generators.timeBasedEpochGenerator();
   ^

1 error

	at org.codehaus.groovy.control.ErrorCollector.failIfErrors(ErrorCollector.java:292) ~[groovy-3.0.20.jar:3.0.20]
	at org.codehaus.groovy.control.CompilationUnit$IPrimaryClassNodeOperation.doPhaseOperation(CompilationUnit.java:985) ~[groovy-3.0.20.jar:3.0.20]
	at org.codehaus.groovy.control.CompilationUnit.processPhaseOperations(CompilationUnit.java:672) ~[groovy-3.0.20.jar:3.0.20]
	at org.codehaus.groovy.control.CompilationUnit.compile(CompilationUnit.java:636) ~[groovy-3.0.20.jar:3.0.20]
	at groovy.lang.GroovyClassLoader.doParseClass(GroovyClassLoader.java:389) ~[groovy-3.0.20.jar:3.0.20]
	at groovy.lang.GroovyClassLoader.lambda$parseClass$3(GroovyClassLoader.java:332) ~[groovy-3.0.20.jar:3.0.20]
	at org.codehaus.groovy.runtime.memoize.StampedCommonCache.compute(StampedCommonCache.java:163) ~[groovy-3.0.20.jar:3.0.20]
	at org.codehaus.groovy.runtime.memoize.StampedCommonCache.getAndPut(StampedCommonCache.java:154) ~[groovy-3.0.20.jar:3.0.20]
	at groovy.lang.GroovyClassLoader.parseClass(GroovyClassLoader.java:330) ~[groovy-3.0.20.jar:3.0.20]
	at groovy.lang.GroovyClassLoader.parseClass(GroovyClassLoader.java:314) ~[groovy-3.0.20.jar:3.0.20]
	at groovy.lang.GroovyClassLoader.parseClass(GroovyClassLoader.java:257) ~[groovy-3.0.20.jar:3.0.20]
	at org.codehaus.groovy.jsr223.GroovyScriptEngineImpl.getScriptClass(GroovyScriptEngineImpl.java:336) ~[groovy-jsr223-3.0.20.jar:3.0.20]
	at org.codehaus.groovy.jsr223.GroovyScriptEngineImpl.compile(GroovyScriptEngineImpl.java:181) ~[groovy-jsr223-3.0.20.jar:3.0.20]
	... 15 more
2025-10-20 20:07:46,963 INFO o.a.j.t.JMeterThread: Thread is done: Thread Group 1-1
2025-10-20 20:07:46,963 INFO o.a.j.t.JMeterThread: Thread finished: Thread Group 1-1
2025-10-20 20:07:46,963 INFO o.a.j.e.StandardJMeterEngine: Notifying test listeners of end of test
2025-10-20 20:07:46,964 INFO o.a.j.g.u.JMeterMenuBar: setRunning(false, *local*)
2025-10-20 20:08:16,653 INFO o.a.j.e.StandardJMeterEngine: Running the test!
2025-10-20 20:08:16,654 INFO o.a.j.s.SampleEvent: List of sample_variables: []
2025-10-20 20:08:16,655 INFO o.a.j.g.u.JMeterMenuBar: setRunning(true, *local*)
2025-10-20 20:08:16,706 INFO o.a.j.e.StandardJMeterEngine: Starting ThreadGroup: 1 : Thread Group
2025-10-20 20:08:16,707 INFO o.a.j.e.StandardJMeterEngine: Starting 1 threads for group Thread Group.
2025-10-20 20:08:16,707 INFO o.a.j.e.StandardJMeterEngine: Thread will continue on error
2025-10-20 20:08:16,708 INFO o.a.j.t.ThreadGroup: Starting thread group... number=1 threads=1 ramp-up=1 delayedStart=false
2025-10-20 20:08:16,709 INFO o.a.j.t.ThreadGroup: Started thread group number 1
2025-10-20 20:08:16,710 INFO o.a.j.e.StandardJMeterEngine: All thread groups have been started
2025-10-20 20:08:16,711 INFO o.a.j.t.JMeterThread: Thread started: Thread Group 1-1
2025-10-20 20:08:16,731 ERROR o.a.j.m.JSR223PreProcessor: Problem in JSR223 script, JSR223 PreProcessor
javax.script.ScriptException: org.codehaus.groovy.control.MultipleCompilationErrorsException: startup failed:
Script3.groovy: 3: Modifier 'static' not allowed here.
 @ line 3, column 1.
   static TimeBasedEpochGenerator generator = Generators.timeBasedEpochGenerator();
   ^

1 error

	at org.codehaus.groovy.jsr223.GroovyScriptEngineImpl.compile(GroovyScriptEngineImpl.java:183) ~[groovy-jsr223-3.0.20.jar:3.0.20]
	at org.apache.jmeter.util.JSR223TestElement.lambda$processFileOrScript$1(JSR223TestElement.java:225) ~[ApacheJMeter_core.jar:5.6.3]
	at com.github.benmanes.caffeine.cache.BoundedLocalCache.lambda$doComputeIfAbsent$14(BoundedLocalCache.java:2406) ~[caffeine-2.9.3.jar:?]
	at java.base/java.util.concurrent.ConcurrentHashMap.compute(ConcurrentHashMap.java:1916) ~[?:?]
	at com.github.benmanes.caffeine.cache.BoundedLocalCache.doComputeIfAbsent(BoundedLocalCache.java:2404) ~[caffeine-2.9.3.jar:?]
	at com.github.benmanes.caffeine.cache.BoundedLocalCache.computeIfAbsent(BoundedLocalCache.java:2387) ~[caffeine-2.9.3.jar:?]
	at com.github.benmanes.caffeine.cache.LocalCache.computeIfAbsent(LocalCache.java:108) ~[caffeine-2.9.3.jar:?]
	at com.github.benmanes.caffeine.cache.LocalManualCache.get(LocalManualCache.java:62) ~[caffeine-2.9.3.jar:?]
	at org.apache.jmeter.util.JSR223TestElement.getCompiledScript(JSR223TestElement.java:252) ~[ApacheJMeter_core.jar:5.6.3]
	at org.apache.jmeter.util.JSR223TestElement.processFileOrScript(JSR223TestElement.java:223) ~[ApacheJMeter_core.jar:5.6.3]
	at org.apache.jmeter.modifiers.JSR223PreProcessor.process(JSR223PreProcessor.java:45) ~[ApacheJMeter_components.jar:5.6.3]
	at org.apache.jmeter.threads.JMeterThread.runPreProcessors(JMeterThread.java:983) ~[ApacheJMeter_core.jar:5.6.3]
	at org.apache.jmeter.threads.JMeterThread.executeSamplePackage(JMeterThread.java:561) ~[ApacheJMeter_core.jar:5.6.3]
	at org.apache.jmeter.threads.JMeterThread.processSampler(JMeterThread.java:501) ~[ApacheJMeter_core.jar:5.6.3]
	at org.apache.jmeter.threads.JMeterThread.run(JMeterThread.java:268) ~[ApacheJMeter_core.jar:5.6.3]
	at java.base/java.lang.Thread.run(Thread.java:1583) [?:?]
	Suppressed: java.lang.IllegalStateException: Unable to compile script StringScriptCacheKey{contents='476d560b1d7e3fca366a82c32b1b2d26'}
		at org.apache.jmeter.util.JSR223TestElement.getCompiledScript(JSR223TestElement.java:264) ~[ApacheJMeter_core.jar:5.6.3]
		at org.apache.jmeter.util.JSR223TestElement.processFileOrScript(JSR223TestElement.java:223) ~[ApacheJMeter_core.jar:5.6.3]
		at org.apache.jmeter.modifiers.JSR223PreProcessor.process(JSR223PreProcessor.java:45) ~[ApacheJMeter_components.jar:5.6.3]
		at org.apache.jmeter.threads.JMeterThread.runPreProcessors(JMeterThread.java:983) ~[ApacheJMeter_core.jar:5.6.3]
		at org.apache.jmeter.threads.JMeterThread.executeSamplePackage(JMeterThread.java:561) ~[ApacheJMeter_core.jar:5.6.3]
		at org.apache.jmeter.threads.JMeterThread.processSampler(JMeterThread.java:501) ~[ApacheJMeter_core.jar:5.6.3]
		at org.apache.jmeter.threads.JMeterThread.run(JMeterThread.java:268) ~[ApacheJMeter_core.jar:5.6.3]
		at java.base/java.lang.Thread.run(Thread.java:1583) [?:?]
Caused by: org.codehaus.groovy.control.MultipleCompilationErrorsException: startup failed:
Script3.groovy: 3: Modifier 'static' not allowed here.
 @ line 3, column 1.
   static TimeBasedEpochGenerator generator = Generators.timeBasedEpochGenerator();
   ^

1 error

	at org.codehaus.groovy.control.ErrorCollector.failIfErrors(ErrorCollector.java:292) ~[groovy-3.0.20.jar:3.0.20]
	at org.codehaus.groovy.control.CompilationUnit$IPrimaryClassNodeOperation.doPhaseOperation(CompilationUnit.java:985) ~[groovy-3.0.20.jar:3.0.20]
	at org.codehaus.groovy.control.CompilationUnit.processPhaseOperations(CompilationUnit.java:672) ~[groovy-3.0.20.jar:3.0.20]
	at org.codehaus.groovy.control.CompilationUnit.compile(CompilationUnit.java:636) ~[groovy-3.0.20.jar:3.0.20]
	at groovy.lang.GroovyClassLoader.doParseClass(GroovyClassLoader.java:389) ~[groovy-3.0.20.jar:3.0.20]
	at groovy.lang.GroovyClassLoader.lambda$parseClass$3(GroovyClassLoader.java:332) ~[groovy-3.0.20.jar:3.0.20]
	at org.codehaus.groovy.runtime.memoize.StampedCommonCache.compute(StampedCommonCache.java:163) ~[groovy-3.0.20.jar:3.0.20]
	at org.codehaus.groovy.runtime.memoize.StampedCommonCache.getAndPut(StampedCommonCache.java:154) ~[groovy-3.0.20.jar:3.0.20]
	at groovy.lang.GroovyClassLoader.parseClass(GroovyClassLoader.java:330) ~[groovy-3.0.20.jar:3.0.20]
	at groovy.lang.GroovyClassLoader.parseClass(GroovyClassLoader.java:314) ~[groovy-3.0.20.jar:3.0.20]
	at groovy.lang.GroovyClassLoader.parseClass(GroovyClassLoader.java:257) ~[groovy-3.0.20.jar:3.0.20]
	at org.codehaus.groovy.jsr223.GroovyScriptEngineImpl.getScriptClass(GroovyScriptEngineImpl.java:336) ~[groovy-jsr223-3.0.20.jar:3.0.20]
	at org.codehaus.groovy.jsr223.GroovyScriptEngineImpl.compile(GroovyScriptEngineImpl.java:181) ~[groovy-jsr223-3.0.20.jar:3.0.20]
	... 15 more
2025-10-20 20:08:16,742 INFO o.a.j.t.JMeterThread: Thread is done: Thread Group 1-1
2025-10-20 20:08:16,743 INFO o.a.j.t.JMeterThread: Thread finished: Thread Group 1-1
2025-10-20 20:08:16,743 INFO o.a.j.e.StandardJMeterEngine: Notifying test listeners of end of test
2025-10-20 20:08:16,743 INFO o.a.j.g.u.JMeterMenuBar: setRunning(false, *local*)
2025-10-20 20:08:36,155 INFO o.a.j.e.StandardJMeterEngine: Running the test!
2025-10-20 20:08:36,156 INFO o.a.j.s.SampleEvent: List of sample_variables: []
2025-10-20 20:08:36,156 INFO o.a.j.g.u.JMeterMenuBar: setRunning(true, *local*)
2025-10-20 20:08:36,201 INFO o.a.j.e.StandardJMeterEngine: Starting ThreadGroup: 1 : Thread Group
2025-10-20 20:08:36,201 INFO o.a.j.e.StandardJMeterEngine: Starting 1 threads for group Thread Group.
2025-10-20 20:08:36,201 INFO o.a.j.e.StandardJMeterEngine: Thread will continue on error
2025-10-20 20:08:36,202 INFO o.a.j.t.ThreadGroup: Starting thread group... number=1 threads=1 ramp-up=1 delayedStart=false
2025-10-20 20:08:36,202 INFO o.a.j.t.ThreadGroup: Started thread group number 1
2025-10-20 20:08:36,202 INFO o.a.j.e.StandardJMeterEngine: All thread groups have been started
2025-10-20 20:08:36,203 INFO o.a.j.t.JMeterThread: Thread started: Thread Group 1-1
2025-10-20 20:08:36,213 ERROR o.a.j.m.JSR223PreProcessor: Problem in JSR223 script, JSR223 PreProcessor
javax.script.ScriptException: org.codehaus.groovy.control.MultipleCompilationErrorsException: startup failed:
Script4.groovy: 3: Modifier 'static' not allowed here.
 @ line 3, column 1.
   static TimeBasedEpochGenerator generator = Generators.timeBasedEpochGenerator();
   ^

1 error

	at org.codehaus.groovy.jsr223.GroovyScriptEngineImpl.compile(GroovyScriptEngineImpl.java:183) ~[groovy-jsr223-3.0.20.jar:3.0.20]
	at org.apache.jmeter.util.JSR223TestElement.lambda$processFileOrScript$1(JSR223TestElement.java:225) ~[ApacheJMeter_core.jar:5.6.3]
	at com.github.benmanes.caffeine.cache.BoundedLocalCache.lambda$doComputeIfAbsent$14(BoundedLocalCache.java:2406) ~[caffeine-2.9.3.jar:?]
	at java.base/java.util.concurrent.ConcurrentHashMap.compute(ConcurrentHashMap.java:1916) ~[?:?]
	at com.github.benmanes.caffeine.cache.BoundedLocalCache.doComputeIfAbsent(BoundedLocalCache.java:2404) ~[caffeine-2.9.3.jar:?]
	at com.github.benmanes.caffeine.cache.BoundedLocalCache.computeIfAbsent(BoundedLocalCache.java:2387) ~[caffeine-2.9.3.jar:?]
	at com.github.benmanes.caffeine.cache.LocalCache.computeIfAbsent(LocalCache.java:108) ~[caffeine-2.9.3.jar:?]
	at com.github.benmanes.caffeine.cache.LocalManualCache.get(LocalManualCache.java:62) ~[caffeine-2.9.3.jar:?]
	at org.apache.jmeter.util.JSR223TestElement.getCompiledScript(JSR223TestElement.java:252) ~[ApacheJMeter_core.jar:5.6.3]
	at org.apache.jmeter.util.JSR223TestElement.processFileOrScript(JSR223TestElement.java:223) ~[ApacheJMeter_core.jar:5.6.3]
	at org.apache.jmeter.modifiers.JSR223PreProcessor.process(JSR223PreProcessor.java:45) ~[ApacheJMeter_components.jar:5.6.3]
	at org.apache.jmeter.threads.JMeterThread.runPreProcessors(JMeterThread.java:983) ~[ApacheJMeter_core.jar:5.6.3]
	at org.apache.jmeter.threads.JMeterThread.executeSamplePackage(JMeterThread.java:561) ~[ApacheJMeter_core.jar:5.6.3]
	at org.apache.jmeter.threads.JMeterThread.processSampler(JMeterThread.java:501) ~[ApacheJMeter_core.jar:5.6.3]
	at org.apache.jmeter.threads.JMeterThread.run(JMeterThread.java:268) ~[ApacheJMeter_core.jar:5.6.3]
	at java.base/java.lang.Thread.run(Thread.java:1583) [?:?]
	Suppressed: java.lang.IllegalStateException: Unable to compile script StringScriptCacheKey{contents='476d560b1d7e3fca366a82c32b1b2d26'}
		at org.apache.jmeter.util.JSR223TestElement.getCompiledScript(JSR223TestElement.java:264) ~[ApacheJMeter_core.jar:5.6.3]
		at org.apache.jmeter.util.JSR223TestElement.processFileOrScript(JSR223TestElement.java:223) ~[ApacheJMeter_core.jar:5.6.3]
		at org.apache.jmeter.modifiers.JSR223PreProcessor.process(JSR223PreProcessor.java:45) ~[ApacheJMeter_components.jar:5.6.3]
		at org.apache.jmeter.threads.JMeterThread.runPreProcessors(JMeterThread.java:983) ~[ApacheJMeter_core.jar:5.6.3]
		at org.apache.jmeter.threads.JMeterThread.executeSamplePackage(JMeterThread.java:561) ~[ApacheJMeter_core.jar:5.6.3]
		at org.apache.jmeter.threads.JMeterThread.processSampler(JMeterThread.java:501) ~[ApacheJMeter_core.jar:5.6.3]
		at org.apache.jmeter.threads.JMeterThread.run(JMeterThread.java:268) ~[ApacheJMeter_core.jar:5.6.3]
		at java.base/java.lang.Thread.run(Thread.java:1583) [?:?]
Caused by: org.codehaus.groovy.control.MultipleCompilationErrorsException: startup failed:
Script4.groovy: 3: Modifier 'static' not allowed here.
 @ line 3, column 1.
   static TimeBasedEpochGenerator generator = Generators.timeBasedEpochGenerator();
   ^

1 error

	at org.codehaus.groovy.control.ErrorCollector.failIfErrors(ErrorCollector.java:292) ~[groovy-3.0.20.jar:3.0.20]
	at org.codehaus.groovy.control.CompilationUnit$IPrimaryClassNodeOperation.doPhaseOperation(CompilationUnit.java:985) ~[groovy-3.0.20.jar:3.0.20]
	at org.codehaus.groovy.control.CompilationUnit.processPhaseOperations(CompilationUnit.java:672) ~[groovy-3.0.20.jar:3.0.20]
	at org.codehaus.groovy.control.CompilationUnit.compile(CompilationUnit.java:636) ~[groovy-3.0.20.jar:3.0.20]
	at groovy.lang.GroovyClassLoader.doParseClass(GroovyClassLoader.java:389) ~[groovy-3.0.20.jar:3.0.20]
	at groovy.lang.GroovyClassLoader.lambda$parseClass$3(GroovyClassLoader.java:332) ~[groovy-3.0.20.jar:3.0.20]
	at org.codehaus.groovy.runtime.memoize.StampedCommonCache.compute(StampedCommonCache.java:163) ~[groovy-3.0.20.jar:3.0.20]
	at org.codehaus.groovy.runtime.memoize.StampedCommonCache.getAndPut(StampedCommonCache.java:154) ~[groovy-3.0.20.jar:3.0.20]
	at groovy.lang.GroovyClassLoader.parseClass(GroovyClassLoader.java:330) ~[groovy-3.0.20.jar:3.0.20]
	at groovy.lang.GroovyClassLoader.parseClass(GroovyClassLoader.java:314) ~[groovy-3.0.20.jar:3.0.20]
	at groovy.lang.GroovyClassLoader.parseClass(GroovyClassLoader.java:257) ~[groovy-3.0.20.jar:3.0.20]
	at org.codehaus.groovy.jsr223.GroovyScriptEngineImpl.getScriptClass(GroovyScriptEngineImpl.java:336) ~[groovy-jsr223-3.0.20.jar:3.0.20]
	at org.codehaus.groovy.jsr223.GroovyScriptEngineImpl.compile(GroovyScriptEngineImpl.java:181) ~[groovy-jsr223-3.0.20.jar:3.0.20]
	... 15 more
2025-10-20 20:08:36,225 INFO o.a.j.t.JMeterThread: Thread is done: Thread Group 1-1
2025-10-20 20:08:36,225 INFO o.a.j.t.JMeterThread: Thread finished: Thread Group 1-1
2025-10-20 20:08:36,226 INFO o.a.j.e.StandardJMeterEngine: Notifying test listeners of end of test
2025-10-20 20:08:36,226 INFO o.a.j.g.u.JMeterMenuBar: setRunning(false, *local*)
2025-10-20 20:11:22,665 INFO o.a.j.e.StandardJMeterEngine: Running the test!
2025-10-20 20:11:22,665 INFO o.a.j.s.SampleEvent: List of sample_variables: []
2025-10-20 20:11:22,666 INFO o.a.j.g.u.JMeterMenuBar: setRunning(true, *local*)
2025-10-20 20:11:22,717 INFO o.a.j.e.StandardJMeterEngine: Starting ThreadGroup: 1 : Thread Group
2025-10-20 20:11:22,718 INFO o.a.j.e.StandardJMeterEngine: Starting 1 threads for group Thread Group.
2025-10-20 20:11:22,719 INFO o.a.j.e.StandardJMeterEngine: Thread will continue on error
2025-10-20 20:11:22,719 INFO o.a.j.t.ThreadGroup: Starting thread group... number=1 threads=1 ramp-up=1 delayedStart=false
2025-10-20 20:11:22,721 INFO o.a.j.t.ThreadGroup: Started thread group number 1
2025-10-20 20:11:22,721 INFO o.a.j.e.StandardJMeterEngine: All thread groups have been started
2025-10-20 20:11:22,722 INFO o.a.j.t.JMeterThread: Thread started: Thread Group 1-1
2025-10-20 20:11:23,220 INFO o.a.j.t.JMeterThread: Thread is done: Thread Group 1-1
2025-10-20 20:11:23,220 INFO o.a.j.t.JMeterThread: Thread finished: Thread Group 1-1
2025-10-20 20:11:23,220 INFO o.a.j.e.StandardJMeterEngine: Notifying test listeners of end of test
2025-10-20 20:11:23,227 INFO o.a.j.g.u.JMeterMenuBar: setRunning(false, *local*)
2025-10-21 14:43:31,374 INFO o.a.j.e.StandardJMeterEngine: Running the test!
2025-10-21 14:43:31,401 INFO o.a.j.s.SampleEvent: List of sample_variables: []
2025-10-21 14:43:31,408 INFO o.a.j.g.u.JMeterMenuBar: setRunning(true, *local*)
2025-10-21 14:43:32,343 INFO o.a.j.e.StandardJMeterEngine: Starting ThreadGroup: 1 : Thread Group
2025-10-21 14:43:32,343 INFO o.a.j.e.StandardJMeterEngine: Starting 1 threads for group Thread Group.
2025-10-21 14:43:32,343 INFO o.a.j.e.StandardJMeterEngine: Thread will continue on error
2025-10-21 14:43:32,343 INFO o.a.j.t.ThreadGroup: Starting thread group... number=1 threads=1 ramp-up=1 delayedStart=false
2025-10-21 14:43:32,345 INFO o.a.j.t.ThreadGroup: Started thread group number 1
2025-10-21 14:43:32,345 INFO o.a.j.e.StandardJMeterEngine: All thread groups have been started
2025-10-21 14:43:32,350 INFO o.a.j.t.JMeterThread: Thread started: Thread Group 1-1
2025-10-21 14:43:32,541 INFO o.a.j.t.JMeterThread: Thread is done: Thread Group 1-1
2025-10-21 14:43:32,543 INFO o.a.j.t.JMeterThread: Thread finished: Thread Group 1-1
2025-10-21 14:43:32,543 INFO o.a.j.e.StandardJMeterEngine: Notifying test listeners of end of test
2025-10-21 14:43:32,544 INFO o.a.j.g.u.JMeterMenuBar: setRunning(false, *local*)
2025-10-21 14:44:16,161 INFO o.a.j.e.StandardJMeterEngine: Running the test!
2025-10-21 14:44:16,162 INFO o.a.j.s.SampleEvent: List of sample_variables: []
2025-10-21 14:44:16,162 INFO o.a.j.g.u.JMeterMenuBar: setRunning(true, *local*)
2025-10-21 14:44:16,217 INFO o.a.j.e.StandardJMeterEngine: Starting ThreadGroup: 1 : Thread Group
2025-10-21 14:44:16,219 INFO o.a.j.e.StandardJMeterEngine: Starting 1 threads for group Thread Group.
2025-10-21 14:44:16,219 INFO o.a.j.e.StandardJMeterEngine: Thread will continue on error
2025-10-21 14:44:16,219 INFO o.a.j.t.ThreadGroup: Starting thread group... number=1 threads=1 ramp-up=1 delayedStart=false
2025-10-21 14:44:16,220 INFO o.a.j.t.ThreadGroup: Started thread group number 1
2025-10-21 14:44:16,220 INFO o.a.j.e.StandardJMeterEngine: All thread groups have been started
2025-10-21 14:44:16,221 INFO o.a.j.t.JMeterThread: Thread started: Thread Group 1-1
2025-10-21 14:44:16,297 INFO o.a.j.t.JMeterThread: Thread is done: Thread Group 1-1
2025-10-21 14:44:16,297 INFO o.a.j.t.JMeterThread: Thread finished: Thread Group 1-1
2025-10-21 14:44:16,298 INFO o.a.j.e.StandardJMeterEngine: Notifying test listeners of end of test
2025-10-21 14:44:16,298 INFO o.a.j.g.u.JMeterMenuBar: setRunning(false, *local*)
2025-10-21 16:06:18,337 INFO o.a.j.e.StandardJMeterEngine: Running the test!
2025-10-21 16:06:18,342 INFO o.a.j.s.SampleEvent: List of sample_variables: []
2025-10-21 16:06:18,344 INFO o.a.j.g.u.JMeterMenuBar: setRunning(true, *local*)
2025-10-21 16:06:18,447 INFO o.a.j.e.StandardJMeterEngine: Starting ThreadGroup: 1 : Thread Group
2025-10-21 16:06:18,448 INFO o.a.j.e.StandardJMeterEngine: Starting 1 threads for group Thread Group.
2025-10-21 16:06:18,448 INFO o.a.j.e.StandardJMeterEngine: Thread will continue on error
2025-10-21 16:06:18,448 INFO o.a.j.t.ThreadGroup: Starting thread group... number=1 threads=1 ramp-up=1 delayedStart=false
2025-10-21 16:06:18,450 INFO o.a.j.t.ThreadGroup: Started thread group number 1
2025-10-21 16:06:18,450 INFO o.a.j.e.StandardJMeterEngine: All thread groups have been started
2025-10-21 16:06:18,452 INFO o.a.j.t.JMeterThread: Thread started: Thread Group 1-1
2025-10-21 16:06:18,536 INFO o.a.j.t.JMeterThread: Thread is done: Thread Group 1-1
2025-10-21 16:06:18,536 INFO o.a.j.t.JMeterThread: Thread finished: Thread Group 1-1
2025-10-21 16:06:18,536 INFO o.a.j.e.StandardJMeterEngine: Notifying test listeners of end of test
2025-10-21 16:06:18,536 INFO o.a.j.g.u.JMeterMenuBar: setRunning(false, *local*)
2025-10-21 19:17:41,971 INFO o.a.j.g.a.What: Log level set to INFO for org.apache.jmeter.protocol.jdbc.config.DataSourceElement
2025-10-21 19:20:08,091 INFO o.a.j.e.StandardJMeterEngine: Running the test!
2025-10-21 19:20:08,093 INFO o.a.j.s.SampleEvent: List of sample_variables: []
2025-10-21 19:20:08,113 INFO o.a.j.g.u.JMeterMenuBar: setRunning(true, *local*)
2025-10-21 19:20:08,867 INFO o.a.j.e.StandardJMeterEngine: Starting ThreadGroup: 1 : TG_prepared_date
2025-10-21 19:20:08,868 INFO o.a.j.e.StandardJMeterEngine: Starting 1 threads for group TG_prepared_date.
2025-10-21 19:20:08,868 INFO o.a.j.e.StandardJMeterEngine: Thread will continue on error
2025-10-21 19:20:08,868 INFO o.a.j.t.ThreadGroup: Starting thread group... number=1 threads=1 ramp-up=1 delayedStart=false
2025-10-21 19:20:08,869 INFO o.a.j.t.ThreadGroup: Started thread group number 1
2025-10-21 19:20:08,869 INFO o.a.j.e.StandardJMeterEngine: All thread groups have been started
2025-10-21 19:20:08,873 INFO o.a.j.t.JMeterThread: Thread started: TG_prepared_date 1-1
2025-10-21 19:20:10,654 INFO o.a.j.t.JMeterThread: Thread is done: TG_prepared_date 1-1
2025-10-21 19:20:10,654 INFO o.a.j.t.JMeterThread: Thread finished: TG_prepared_date 1-1
2025-10-21 19:20:10,654 INFO o.a.j.e.StandardJMeterEngine: Notifying test listeners of end of test
2025-10-21 19:20:10,665 INFO o.a.j.g.u.JMeterMenuBar: setRunning(false, *local*)
2025-10-21 19:20:35,106 INFO o.a.j.e.StandardJMeterEngine: Running the test!
2025-10-21 19:20:35,107 INFO o.a.j.s.SampleEvent: List of sample_variables: []
2025-10-21 19:20:35,110 INFO o.a.j.g.u.JMeterMenuBar: setRunning(true, *local*)
2025-10-21 19:20:35,191 INFO o.a.j.e.StandardJMeterEngine: Starting ThreadGroup: 1 : TG_prepared_date
2025-10-21 19:20:35,193 INFO o.a.j.e.StandardJMeterEngine: Starting 1 threads for group TG_prepared_date.
2025-10-21 19:20:35,193 INFO o.a.j.e.StandardJMeterEngine: Thread will continue on error
2025-10-21 19:20:35,193 INFO o.a.j.t.ThreadGroup: Starting thread group... number=1 threads=1 ramp-up=1 delayedStart=false
2025-10-21 19:20:35,194 INFO o.a.j.t.ThreadGroup: Started thread group number 1
2025-10-21 19:20:35,194 INFO o.a.j.e.StandardJMeterEngine: All thread groups have been started
2025-10-21 19:20:35,194 INFO o.a.j.t.JMeterThread: Thread started: TG_prepared_date 1-1
2025-10-21 19:20:35,487 INFO o.a.j.t.JMeterThread: Thread is done: TG_prepared_date 1-1
2025-10-21 19:20:35,487 INFO o.a.j.t.JMeterThread: Thread finished: TG_prepared_date 1-1
2025-10-21 19:20:35,487 INFO o.a.j.e.StandardJMeterEngine: Notifying test listeners of end of test
2025-10-21 19:20:35,494 INFO o.a.j.g.u.JMeterMenuBar: setRunning(false, *local*)
2025-10-21 19:22:39,070 INFO o.a.j.e.StandardJMeterEngine: Running the test!
2025-10-21 19:22:39,070 INFO o.a.j.s.SampleEvent: List of sample_variables: []
2025-10-21 19:22:39,071 INFO o.a.j.g.u.JMeterMenuBar: setRunning(true, *local*)
2025-10-21 19:22:39,136 INFO o.a.j.e.StandardJMeterEngine: Starting ThreadGroup: 1 : TG_prepared_date
2025-10-21 19:22:39,136 INFO o.a.j.e.StandardJMeterEngine: Starting 1 threads for group TG_prepared_date.
2025-10-21 19:22:39,136 INFO o.a.j.e.StandardJMeterEngine: Thread will continue on error
2025-10-21 19:22:39,136 INFO o.a.j.t.ThreadGroup: Starting thread group... number=1 threads=1 ramp-up=1 delayedStart=false
2025-10-21 19:22:39,138 INFO o.a.j.t.ThreadGroup: Started thread group number 1
2025-10-21 19:22:39,138 INFO o.a.j.e.StandardJMeterEngine: All thread groups have been started
2025-10-21 19:22:39,138 INFO o.a.j.t.JMeterThread: Thread started: TG_prepared_date 1-1
2025-10-21 19:22:39,454 INFO o.a.j.t.JMeterThread: Thread is done: TG_prepared_date 1-1
2025-10-21 19:22:39,454 INFO o.a.j.t.JMeterThread: Thread finished: TG_prepared_date 1-1
2025-10-21 19:22:39,455 INFO o.a.j.e.StandardJMeterEngine: Notifying test listeners of end of test
2025-10-21 19:22:39,471 INFO o.a.j.g.u.JMeterMenuBar: setRunning(false, *local*)
2025-10-21 19:39:26,769 INFO o.a.j.e.StandardJMeterEngine: Running the test!
2025-10-21 19:39:26,771 INFO o.a.j.s.SampleEvent: List of sample_variables: []
2025-10-21 19:39:26,774 INFO o.a.j.g.u.JMeterMenuBar: setRunning(true, *local*)
2025-10-21 19:39:26,846 INFO o.a.j.e.StandardJMeterEngine: Starting ThreadGroup: 1 : TG_prepared_date
2025-10-21 19:39:26,846 INFO o.a.j.e.StandardJMeterEngine: Starting 1 threads for group TG_prepared_date.
2025-10-21 19:39:26,846 INFO o.a.j.e.StandardJMeterEngine: Thread will continue on error
2025-10-21 19:39:26,848 INFO o.a.j.t.ThreadGroup: Starting thread group... number=1 threads=1 ramp-up=1 delayedStart=false
2025-10-21 19:39:26,848 INFO o.a.j.t.ThreadGroup: Started thread group number 1
2025-10-21 19:39:26,848 INFO o.a.j.e.StandardJMeterEngine: All thread groups have been started
2025-10-21 19:39:26,851 INFO o.a.j.t.JMeterThread: Thread started: TG_prepared_date 1-1
2025-10-21 19:39:27,384 INFO o.a.j.t.JMeterThread: Thread is done: TG_prepared_date 1-1
2025-10-21 19:39:27,384 INFO o.a.j.t.JMeterThread: Thread finished: TG_prepared_date 1-1
2025-10-21 19:39:27,384 INFO o.a.j.e.StandardJMeterEngine: Notifying test listeners of end of test
2025-10-21 19:39:27,394 INFO o.a.j.g.u.JMeterMenuBar: setRunning(false, *local*)
2025-10-21 19:40:38,085 INFO o.a.j.e.StandardJMeterEngine: Running the test!
2025-10-21 19:40:38,086 INFO o.a.j.s.SampleEvent: List of sample_variables: []
2025-10-21 19:40:38,086 INFO o.a.j.g.u.JMeterMenuBar: setRunning(true, *local*)
2025-10-21 19:40:38,152 INFO o.a.j.e.StandardJMeterEngine: Starting ThreadGroup: 1 : TG_prepared_date
2025-10-21 19:40:38,152 INFO o.a.j.e.StandardJMeterEngine: Starting 1 threads for group TG_prepared_date.
2025-10-21 19:40:38,152 INFO o.a.j.e.StandardJMeterEngine: Thread will continue on error
2025-10-21 19:40:38,152 INFO o.a.j.t.ThreadGroup: Starting thread group... number=1 threads=1 ramp-up=1 delayedStart=false
2025-10-21 19:40:38,153 INFO o.a.j.t.ThreadGroup: Started thread group number 1
2025-10-21 19:40:38,156 INFO o.a.j.e.StandardJMeterEngine: All thread groups have been started
2025-10-21 19:40:38,158 INFO o.a.j.t.JMeterThread: Thread started: TG_prepared_date 1-1
2025-10-21 19:40:38,454 INFO o.a.j.t.JMeterThread: Thread is done: TG_prepared_date 1-1
2025-10-21 19:40:38,454 INFO o.a.j.t.JMeterThread: Thread finished: TG_prepared_date 1-1
2025-10-21 19:40:38,454 INFO o.a.j.e.StandardJMeterEngine: Notifying test listeners of end of test
2025-10-21 19:40:38,461 INFO o.a.j.g.u.JMeterMenuBar: setRunning(false, *local*)
2025-10-21 19:40:58,957 INFO o.a.j.e.StandardJMeterEngine: Running the test!
2025-10-21 19:40:58,959 INFO o.a.j.s.SampleEvent: List of sample_variables: []
2025-10-21 19:40:58,959 INFO o.a.j.g.u.JMeterMenuBar: setRunning(true, *local*)
2025-10-21 19:40:59,010 INFO o.a.j.e.StandardJMeterEngine: Starting ThreadGroup: 1 : TG_prepared_date
2025-10-21 19:40:59,010 INFO o.a.j.e.StandardJMeterEngine: Starting 1 threads for group TG_prepared_date.
2025-10-21 19:40:59,010 INFO o.a.j.e.StandardJMeterEngine: Thread will continue on error
2025-10-21 19:40:59,010 INFO o.a.j.t.ThreadGroup: Starting thread group... number=1 threads=1 ramp-up=1 delayedStart=false
2025-10-21 19:40:59,011 INFO o.a.j.t.ThreadGroup: Started thread group number 1
2025-10-21 19:40:59,011 INFO o.a.j.e.StandardJMeterEngine: All thread groups have been started
2025-10-21 19:40:59,011 INFO o.a.j.t.JMeterThread: Thread started: TG_prepared_date 1-1
2025-10-21 19:40:59,300 INFO o.a.j.t.JMeterThread: Thread is done: TG_prepared_date 1-1
2025-10-21 19:40:59,300 INFO o.a.j.t.JMeterThread: Thread finished: TG_prepared_date 1-1
2025-10-21 19:40:59,301 INFO o.a.j.e.StandardJMeterEngine: Notifying test listeners of end of test
2025-10-21 19:40:59,307 INFO o.a.j.g.u.JMeterMenuBar: setRunning(false, *local*)
2025-10-21 19:54:25,684 INFO o.a.j.e.StandardJMeterEngine: Running the test!
2025-10-21 19:54:25,685 INFO o.a.j.s.SampleEvent: List of sample_variables: []
2025-10-21 19:54:25,686 INFO o.a.j.g.u.JMeterMenuBar: setRunning(true, *local*)
2025-10-21 19:54:25,757 INFO o.a.j.e.StandardJMeterEngine: Starting ThreadGroup: 1 : TG_prepared_date
2025-10-21 19:54:25,758 INFO o.a.j.e.StandardJMeterEngine: Starting 1 threads for group TG_prepared_date.
2025-10-21 19:54:25,758 INFO o.a.j.e.StandardJMeterEngine: Thread will continue on error
2025-10-21 19:54:25,758 INFO o.a.j.t.ThreadGroup: Starting thread group... number=1 threads=1 ramp-up=1 delayedStart=false
2025-10-21 19:54:25,759 INFO o.a.j.t.ThreadGroup: Started thread group number 1
2025-10-21 19:54:25,759 INFO o.a.j.e.StandardJMeterEngine: All thread groups have been started
2025-10-21 19:54:25,760 INFO o.a.j.t.JMeterThread: Thread started: TG_prepared_date 1-1
2025-10-21 19:54:26,100 INFO o.a.j.t.JMeterThread: Thread is done: TG_prepared_date 1-1
2025-10-21 19:54:26,100 INFO o.a.j.t.JMeterThread: Thread finished: TG_prepared_date 1-1
2025-10-21 19:54:26,101 INFO o.a.j.e.StandardJMeterEngine: Notifying test listeners of end of test
2025-10-21 19:54:26,109 INFO o.a.j.g.u.JMeterMenuBar: setRunning(false, *local*)
2025-10-21 19:56:27,998 INFO o.a.j.e.StandardJMeterEngine: Running the test!
2025-10-21 19:56:27,998 INFO o.a.j.s.SampleEvent: List of sample_variables: []
2025-10-21 19:56:28,000 INFO o.a.j.g.u.JMeterMenuBar: setRunning(true, *local*)
2025-10-21 19:56:28,081 INFO o.a.j.e.StandardJMeterEngine: Starting ThreadGroup: 1 : TG_prepared_date
2025-10-21 19:56:28,082 INFO o.a.j.e.StandardJMeterEngine: Starting 1 threads for group TG_prepared_date.
2025-10-21 19:56:28,082 INFO o.a.j.e.StandardJMeterEngine: Thread will continue on error
2025-10-21 19:56:28,082 INFO o.a.j.t.ThreadGroup: Starting thread group... number=1 threads=1 ramp-up=1 delayedStart=false
2025-10-21 19:56:28,083 INFO o.a.j.t.ThreadGroup: Started thread group number 1
2025-10-21 19:56:28,083 INFO o.a.j.e.StandardJMeterEngine: All thread groups have been started
2025-10-21 19:56:28,086 INFO o.a.j.t.JMeterThread: Thread started: TG_prepared_date 1-1
2025-10-21 19:56:28,133 INFO o.a.j.m.J.JSR223 PreProcessor: insert_cur_date: 2025-10-21
2025-10-21 19:56:28,133 INFO o.a.j.m.J.JSR223 PreProcessor: insert_cur_timestamp: 2025-10-21T16:56:28.119623400Z
2025-10-21 19:56:28,429 INFO o.a.j.t.JMeterThread: Thread is done: TG_prepared_date 1-1
2025-10-21 19:56:28,430 INFO o.a.j.t.JMeterThread: Thread finished: TG_prepared_date 1-1
2025-10-21 19:56:28,430 INFO o.a.j.e.StandardJMeterEngine: Notifying test listeners of end of test
2025-10-21 19:56:28,437 INFO o.a.j.g.u.JMeterMenuBar: setRunning(false, *local*)
2025-10-22 12:46:29,915 INFO o.a.j.e.StandardJMeterEngine: Running the test!
2025-10-22 12:46:29,965 INFO o.a.j.s.SampleEvent: List of sample_variables: []
2025-10-22 12:46:29,990 INFO o.a.j.g.u.JMeterMenuBar: setRunning(true, *local*)
2025-10-22 12:46:30,990 INFO o.a.j.e.StandardJMeterEngine: Starting ThreadGroup: 1 : TG_prepared_date
2025-10-22 12:46:30,990 INFO o.a.j.e.StandardJMeterEngine: Starting 1 threads for group TG_prepared_date.
2025-10-22 12:46:30,990 INFO o.a.j.e.StandardJMeterEngine: Thread will continue on error
2025-10-22 12:46:30,991 INFO o.a.j.t.ThreadGroup: Starting thread group... number=1 threads=1 ramp-up=1 delayedStart=false
2025-10-22 12:46:30,992 INFO o.a.j.t.ThreadGroup: Started thread group number 1
2025-10-22 12:46:30,992 INFO o.a.j.e.StandardJMeterEngine: All thread groups have been started
2025-10-22 12:46:30,993 INFO o.a.j.t.JMeterThread: Thread started: TG_prepared_date 1-1
2025-10-22 12:46:31,603 ERROR o.a.j.e.J.JSR223 PostProcessor:    : No such property: lastDateValue for class: Script14
2025-10-22 12:46:31,609 INFO o.a.j.t.JMeterThread: Thread is done: TG_prepared_date 1-1
2025-10-22 12:46:31,609 INFO o.a.j.t.JMeterThread: Thread finished: TG_prepared_date 1-1
2025-10-22 12:46:31,610 INFO o.a.j.e.StandardJMeterEngine: Notifying test listeners of end of test
2025-10-22 12:46:31,617 INFO o.a.j.g.u.JMeterMenuBar: setRunning(false, *local*)
2025-10-22 12:56:38,050 INFO o.a.j.e.StandardJMeterEngine: Running the test!
2025-10-22 12:56:38,051 INFO o.a.j.s.SampleEvent: List of sample_variables: []
2025-10-22 12:56:38,052 INFO o.a.j.g.u.JMeterMenuBar: setRunning(true, *local*)
2025-10-22 12:56:38,153 INFO o.a.j.e.StandardJMeterEngine: Starting ThreadGroup: 1 : TG_prepared_date
2025-10-22 12:56:38,154 INFO o.a.j.e.StandardJMeterEngine: Starting 1 threads for group TG_prepared_date.
2025-10-22 12:56:38,154 INFO o.a.j.e.StandardJMeterEngine: Thread will continue on error
2025-10-22 12:56:38,154 INFO o.a.j.t.ThreadGroup: Starting thread group... number=1 threads=1 ramp-up=1 delayedStart=false
2025-10-22 12:56:38,155 INFO o.a.j.t.ThreadGroup: Started thread group number 1
2025-10-22 12:56:38,155 INFO o.a.j.e.StandardJMeterEngine: All thread groups have been started
2025-10-22 12:56:38,155 INFO o.a.j.t.JMeterThread: Thread started: TG_prepared_date 1-1
2025-10-22 12:56:38,443 ERROR o.a.j.e.J.JSR223 PostProcessor:     : [{c_date_current=2025-10-21}]
2025-10-22 12:56:38,444 INFO o.a.j.t.JMeterThread: Thread is done: TG_prepared_date 1-1
2025-10-22 12:56:38,444 INFO o.a.j.t.JMeterThread: Thread finished: TG_prepared_date 1-1
2025-10-22 12:56:38,445 INFO o.a.j.e.StandardJMeterEngine: Notifying test listeners of end of test
2025-10-22 12:56:38,453 INFO o.a.j.g.u.JMeterMenuBar: setRunning(false, *local*)
2025-10-22 12:57:23,843 INFO o.a.j.e.StandardJMeterEngine: Running the test!
2025-10-22 12:57:23,843 INFO o.a.j.s.SampleEvent: List of sample_variables: []
2025-10-22 12:57:23,845 INFO o.a.j.g.u.JMeterMenuBar: setRunning(true, *local*)
2025-10-22 12:57:23,908 INFO o.a.j.e.StandardJMeterEngine: Starting ThreadGroup: 1 : TG_prepared_date
2025-10-22 12:57:23,908 INFO o.a.j.e.StandardJMeterEngine: Starting 1 threads for group TG_prepared_date.
2025-10-22 12:57:23,908 INFO o.a.j.e.StandardJMeterEngine: Thread will continue on error
2025-10-22 12:57:23,909 INFO o.a.j.t.ThreadGroup: Starting thread group... number=1 threads=1 ramp-up=1 delayedStart=false
2025-10-22 12:57:23,910 INFO o.a.j.t.ThreadGroup: Started thread group number 1
2025-10-22 12:57:23,910 INFO o.a.j.e.StandardJMeterEngine: All thread groups have been started
2025-10-22 12:57:23,910 INFO o.a.j.t.JMeterThread: Thread started: TG_prepared_date 1-1
2025-10-22 12:57:24,193 ERROR o.a.j.e.J.JSR223 PostProcessor:     : [{c_date_current=2025-10-21}]
2025-10-22 12:57:24,194 INFO o.a.j.t.JMeterThread: Thread is done: TG_prepared_date 1-1
2025-10-22 12:57:24,194 INFO o.a.j.t.JMeterThread: Thread finished: TG_prepared_date 1-1
2025-10-22 12:57:24,194 INFO o.a.j.e.StandardJMeterEngine: Notifying test listeners of end of test
2025-10-22 12:57:24,204 INFO o.a.j.g.u.JMeterMenuBar: setRunning(false, *local*)
2025-10-22 12:58:20,942 INFO o.a.j.e.StandardJMeterEngine: Running the test!
2025-10-22 12:58:20,942 INFO o.a.j.s.SampleEvent: List of sample_variables: []
2025-10-22 12:58:20,944 INFO o.a.j.g.u.JMeterMenuBar: setRunning(true, *local*)
2025-10-22 12:58:21,023 INFO o.a.j.e.StandardJMeterEngine: Starting ThreadGroup: 1 : TG_prepared_date
2025-10-22 12:58:21,023 INFO o.a.j.e.StandardJMeterEngine: Starting 1 threads for group TG_prepared_date.
2025-10-22 12:58:21,023 INFO o.a.j.e.StandardJMeterEngine: Thread will continue on error
2025-10-22 12:58:21,023 INFO o.a.j.t.ThreadGroup: Starting thread group... number=1 threads=1 ramp-up=1 delayedStart=false
2025-10-22 12:58:21,024 INFO o.a.j.t.ThreadGroup: Started thread group number 1
2025-10-22 12:58:21,024 INFO o.a.j.e.StandardJMeterEngine: All thread groups have been started
2025-10-22 12:58:21,026 INFO o.a.j.t.JMeterThread: Thread started: TG_prepared_date 1-1
2025-10-22 12:58:21,351 INFO o.a.j.t.JMeterThread: Thread is done: TG_prepared_date 1-1
2025-10-22 12:58:21,351 INFO o.a.j.t.JMeterThread: Thread finished: TG_prepared_date 1-1
2025-10-22 12:58:21,352 INFO o.a.j.e.StandardJMeterEngine: Notifying test listeners of end of test
2025-10-22 12:58:21,363 INFO o.a.j.g.u.JMeterMenuBar: setRunning(false, *local*)
2025-10-22 13:00:37,239 INFO o.a.j.e.StandardJMeterEngine: Running the test!
2025-10-22 13:00:37,239 INFO o.a.j.s.SampleEvent: List of sample_variables: []
2025-10-22 13:00:37,242 INFO o.a.j.g.u.JMeterMenuBar: setRunning(true, *local*)
2025-10-22 13:00:37,309 INFO o.a.j.e.StandardJMeterEngine: Starting ThreadGroup: 1 : TG_prepared_date
2025-10-22 13:00:37,309 INFO o.a.j.e.StandardJMeterEngine: Starting 1 threads for group TG_prepared_date.
2025-10-22 13:00:37,309 INFO o.a.j.e.StandardJMeterEngine: Thread will continue on error
2025-10-22 13:00:37,309 INFO o.a.j.t.ThreadGroup: Starting thread group... number=1 threads=1 ramp-up=1 delayedStart=false
2025-10-22 13:00:37,310 INFO o.a.j.t.ThreadGroup: Started thread group number 1
2025-10-22 13:00:37,310 INFO o.a.j.e.StandardJMeterEngine: All thread groups have been started
2025-10-22 13:00:37,311 INFO o.a.j.t.JMeterThread: Thread started: TG_prepared_date 1-1
2025-10-22 13:00:37,671 INFO o.a.j.m.J.JSR223 PreProcessor: insert_cur_date: 2025-10-22
2025-10-22 13:00:37,671 INFO o.a.j.m.J.JSR223 PreProcessor: insert_cur_timestamp: 2025-10-22T10:00:37.666213300Z
2025-10-22 13:00:37,687 INFO o.a.j.t.JMeterThread: Thread is done: TG_prepared_date 1-1
2025-10-22 13:00:37,687 INFO o.a.j.t.JMeterThread: Thread finished: TG_prepared_date 1-1
2025-10-22 13:00:37,688 INFO o.a.j.e.StandardJMeterEngine: Notifying test listeners of end of test
2025-10-22 13:00:37,702 INFO o.a.j.g.u.JMeterMenuBar: setRunning(false, *local*)
2025-10-22 13:02:24,921 INFO o.a.j.e.StandardJMeterEngine: Running the test!
2025-10-22 13:02:24,922 INFO o.a.j.s.SampleEvent: List of sample_variables: []
2025-10-22 13:02:24,923 INFO o.a.j.g.u.JMeterMenuBar: setRunning(true, *local*)
2025-10-22 13:02:25,037 INFO o.a.j.e.StandardJMeterEngine: Starting ThreadGroup: 1 : TG_prepared_date
2025-10-22 13:02:25,037 INFO o.a.j.e.StandardJMeterEngine: Starting 1 threads for group TG_prepared_date.
2025-10-22 13:02:25,037 INFO o.a.j.e.StandardJMeterEngine: Thread will continue on error
2025-10-22 13:02:25,037 INFO o.a.j.t.ThreadGroup: Starting thread group... number=1 threads=1 ramp-up=1 delayedStart=false
2025-10-22 13:02:25,038 INFO o.a.j.t.ThreadGroup: Started thread group number 1
2025-10-22 13:02:25,038 INFO o.a.j.e.StandardJMeterEngine: All thread groups have been started
2025-10-22 13:02:25,039 INFO o.a.j.t.JMeterThread: Thread started: TG_prepared_date 1-1
2025-10-22 13:02:25,322 INFO o.a.j.m.J.JSR223 PreProcessor: insert_cur_date: 2025-10-22
2025-10-22 13:02:25,322 INFO o.a.j.m.J.JSR223 PreProcessor: insert_cur_timestamp: 2025-10-22T10:02:25.322749300Z
2025-10-22 13:02:25,350 INFO o.a.j.t.JMeterThread: Thread is done: TG_prepared_date 1-1
2025-10-22 13:02:25,350 INFO o.a.j.t.JMeterThread: Thread finished: TG_prepared_date 1-1
2025-10-22 13:02:25,350 INFO o.a.j.e.StandardJMeterEngine: Notifying test listeners of end of test
2025-10-22 13:02:25,356 INFO o.a.j.g.u.JMeterMenuBar: setRunning(false, *local*)
2025-10-23 10:13:43,011 ERROR o.a.j.JMeter: Uncaught exception in thread Thread[#30,AWT-EventQueue-0,6,main]
java.lang.NullPointerException: Cannot invoke "javax.swing.table.JTableHeader.repaint(java.awt.Rectangle)" because "this.header" is null
	at com.github.weisj.darklaf.ui.table.header.DarkTableHeaderUI.lambda$paint$0(DarkTableHeaderUI.java:157) ~[darklaf-core-2.7.3.jar:2.7.3]
	at java.desktop/java.awt.event.InvocationEvent.dispatch(InvocationEvent.java:318) ~[?:?]
	at java.desktop/java.awt.EventQueue.dispatchEventImpl(EventQueue.java:773) ~[?:?]
	at java.desktop/java.awt.EventQueue$4.run(EventQueue.java:720) ~[?:?]
	at java.desktop/java.awt.EventQueue$4.run(EventQueue.java:714) ~[?:?]
	at java.base/java.security.AccessController.doPrivileged(AccessController.java:400) ~[?:?]
	at java.base/java.security.ProtectionDomain$JavaSecurityAccessImpl.doIntersectionPrivilege(ProtectionDomain.java:87) ~[?:?]
	at java.desktop/java.awt.EventQueue.dispatchEvent(EventQueue.java:742) ~[?:?]
	at java.desktop/java.awt.EventDispatchThread.pumpOneEventForFilters(EventDispatchThread.java:203) [?:?]
	at java.desktop/java.awt.EventDispatchThread.pumpEventsForFilter(EventDispatchThread.java:124) [?:?]
	at java.desktop/java.awt.EventDispatchThread.pumpEventsForHierarchy(EventDispatchThread.java:113) [?:?]
	at java.desktop/java.awt.EventDispatchThread.pumpEvents(EventDispatchThread.java:109) [?:?]
	at java.desktop/java.awt.EventDispatchThread.pumpEvents(EventDispatchThread.java:101) [?:?]
	at java.desktop/java.awt.EventDispatchThread.run(EventDispatchThread.java:90) [?:?]
2025-10-23 10:25:08,946 INFO o.a.j.p.h.c.CookieManager: Settings: Delete null: true Check: true Allow variable: true Save: false Prefix: COOKIE_
2025-10-23 10:25:13,016 INFO o.a.j.p.h.c.CacheManager: Will only cache the following methods: [GET]
